E:\DEV\T5\T5\DEBUG\P1.OBJ
E:\DEV\T5\T5\DEBUG\VC110.PDB
E:\DEV\T5\DEBUG\T5.ILK
E:\DEV\T5\DEBUG\T5.EXE
E:\DEV\T5\DEBUG\T5.PDB
E:\dev\T5\T5\Debug\P1.obj
E:\dev\T5\T5\Debug\cl.command.1.tlog
E:\dev\T5\T5\Debug\CL.read.1.tlog
E:\dev\T5\T5\Debug\CL.write.1.tlog
E:\dev\T5\T5\Debug\link-cvtres.read.1.tlog
E:\dev\T5\T5\Debug\link-cvtres.write.1.tlog
E:\dev\T5\T5\Debug\link-rc.read.1.tlog
E:\dev\T5\T5\Debug\link-rc.write.1.tlog
E:\dev\T5\T5\Debug\link.command.1.tlog
E:\dev\T5\T5\Debug\link.read.1.tlog
E:\dev\T5\T5\Debug\link.write.1.tlog
E:\dev\T5\T5\Debug\vc110.idb
E:\dev\T5\T5\Debug\vc110.pdb
E:\dev\T5\Debug\T5.pdb
E:\dev\T5\Debug\T5.exe
E:\dev\T5\Debug\T5.ilk
